<?xml version="1.0" encoding="UTF-8"?>
<!-- Generated by org.testng.reporters.JUnitXMLReporter -->
<testsuite ignored="2" hostname="LAPTOP-8EUUTR5P" failures="0" tests="4" name="Default test" time="322.234" errors="0" timestamp="2021-05-02T12:59:22 IST">
  <testcase classname="com.infoDrive.tests.ValidationTest" name="validationTest" time="30.861"/>
  <testcase classname="com.infoDrive.tests.ValidationTest" name="validationtest2" time="40.902"/>
  <testcase classname="com.infoDrive.tests.ValidationTest" name="validationtest3" time="41.866"/>
  <testcase classname="com.infoDrive.tests.ValidationTest" name="validationtest7" time="203.175"/>
  <testcase classname="com.infoDrive.tests.ValidationTest" name="validationtest6" time="0.0">
    <ignored/>
  </testcase> <!-- validationtest6 -->
  <testcase classname="com.infoDrive.tests.ValidationTest" name="validationtest5" time="0.0">
    <ignored/>
  </testcase> <!-- validationtest5 -->
</testsuite> <!-- Default test -->
