<?xml version="1.0" encoding="UTF-8"?>
<!-- Generated by org.testng.reporters.JUnitXMLReporter -->
<testsuite ignored="0" hostname="LAPTOP-8EUUTR5P" failures="0" tests="3" name="Default test" time="72.423" errors="0" timestamp="2021-05-16T12:49:59 IST">
  <testcase classname="com.infoDrive.tests.FieldMappingTest" name="test1" time="36.559"/>
  <testcase classname="com.infoDrive.tests.FieldMappingTest" name="editGroup" time="15.359"/>
  <testcase classname="com.infoDrive.tests.FieldMappingTest" name="deleteGroup" time="15.824"/>
</testsuite> <!-- Default test -->
