<?xml version="1.0" encoding="UTF-8"?>
<testng-results ignored="2" total="6" passed="4" failed="0" skipped="0">
  <reporter-output>
  </reporter-output>
  <suite started-at="2021-05-02T12:54:00 IST" name="Default suite" finished-at="2021-05-02T12:59:22 IST" duration-ms="322234">
    <groups>
      <group name="Validation">
        <method signature="ValidationTest.validationtest7()[pri:5, instance:com.infoDrive.tests.ValidationTest@61a5b4ae]" name="validationtest7" class="com.infoDrive.tests.ValidationTest"/>
      </group> <!-- Validation -->
      <group name="Validation Group">
        <method signature="ValidationTest.validationTest()[pri:0, instance:com.infoDrive.tests.ValidationTest@61a5b4ae]" name="validationTest" class="com.infoDrive.tests.ValidationTest"/>
        <method signature="ValidationTest.validationtest2()[pri:1, instance:com.infoDrive.tests.ValidationTest@61a5b4ae]" name="validationtest2" class="com.infoDrive.tests.ValidationTest"/>
        <method signature="ValidationTest.validationtest3()[pri:2, instance:com.infoDrive.tests.ValidationTest@61a5b4ae]" name="validationtest3" class="com.infoDrive.tests.ValidationTest"/>
      </group> <!-- Validation Group -->
    </groups>
    <test started-at="2021-05-02T12:54:00 IST" name="Default test" finished-at="2021-05-02T12:59:22 IST" duration-ms="322234">
      <class name="com.infoDrive.tests.ValidationTest">
        <test-method is-config="true" signature="launch()[pri:0, instance:com.infoDrive.tests.ValidationTest@61a5b4ae]" started-at="2021-05-02T12:54:00 IST" name="launch" finished-at="2021-05-02T12:54:05 IST" duration-ms="5375" status="PASS">
          <reporter-output>
          </reporter-output>
        </test-method> <!-- launch -->
        <test-method signature="validationTest()[pri:0, instance:com.infoDrive.tests.ValidationTest@61a5b4ae]" started-at="2021-05-02T12:54:05 IST" name="validationTest" description="Create Group Test" finished-at="2021-05-02T12:54:36 IST" duration-ms="30861" status="PASS">
          <reporter-output>
          </reporter-output>
        </test-method> <!-- validationTest -->
        <test-method signature="validationtest2()[pri:1, instance:com.infoDrive.tests.ValidationTest@61a5b4ae]" started-at="2021-05-02T12:54:36 IST" name="validationtest2" description="Verify all the content should be visible on validation--list group window" finished-at="2021-05-02T12:55:17 IST" duration-ms="40902" status="PASS">
          <reporter-output>
          </reporter-output>
        </test-method> <!-- validationtest2 -->
        <test-method signature="validationtest3()[pri:2, instance:com.infoDrive.tests.ValidationTest@61a5b4ae]" started-at="2021-05-02T12:55:17 IST" name="validationtest3" description=" delete functionality of group" finished-at="2021-05-02T12:55:59 IST" duration-ms="41866" status="PASS">
          <reporter-output>
          </reporter-output>
        </test-method> <!-- validationtest3 -->
        <test-method signature="validationtest7()[pri:5, instance:com.infoDrive.tests.ValidationTest@61a5b4ae]" started-at="2021-05-02T12:55:59 IST" name="validationtest7" description=" List Validation" finished-at="2021-05-02T12:59:22 IST" duration-ms="203175" status="PASS">
          <reporter-output>
          </reporter-output>
        </test-method> <!-- validationtest7 -->
        <test-method is-config="true" signature="doAfterTest()[pri:0, instance:com.infoDrive.tests.ValidationTest@61a5b4ae]" started-at="2021-05-02T12:59:22 IST" name="doAfterTest" finished-at="2021-05-02T12:59:22 IST" duration-ms="0" status="PASS">
          <reporter-output>
          </reporter-output>
        </test-method> <!-- doAfterTest -->
      </class> <!-- com.infoDrive.tests.ValidationTest -->
    </test> <!-- Default test -->
  </suite> <!-- Default suite -->
</testng-results>
