<?xml version="1.0" encoding="UTF-8"?>
<testng-results ignored="0" total="1" passed="1" failed="0" skipped="0">
  <reporter-output>
  </reporter-output>
  <suite started-at="2021-04-25T13:57:35 IST" name="Default suite" finished-at="2021-04-25T13:57:48 IST" duration-ms="13084">
    <groups>
    </groups>
    <test started-at="2021-04-25T13:57:35 IST" name="Default test" finished-at="2021-04-25T13:57:48 IST" duration-ms="13084">
      <class name="infoDrive.NewJobSubmissionTest">
        <test-method is-config="true" signature="launch()[pri:0, instance:infoDrive.NewJobSubmissionTest@41de5768]" started-at="2021-04-25T13:57:35 IST" name="launch" finished-at="2021-04-25T13:57:40 IST" duration-ms="4757" status="PASS">
          <reporter-output>
          </reporter-output>
        </test-method> <!-- launch -->
        <test-method signature="test()[pri:0, instance:infoDrive.NewJobSubmissionTest@41de5768]" started-at="2021-04-25T13:57:40 IST" name="test" finished-at="2021-04-25T13:57:48 IST" duration-ms="8283" status="PASS">
          <reporter-output>
          </reporter-output>
        </test-method> <!-- test -->
      </class> <!-- infoDrive.NewJobSubmissionTest -->
    </test> <!-- Default test -->
  </suite> <!-- Default suite -->
</testng-results>
